2003.03.07 15:20 B C:\Documents and Settings\usuario1\Mis documentos\bilbaoNObaila\flash\especial.swf --> ftp.arcocomunicaciones.com /arcocomunicaciones.com/wwwserver/bnb/flash especial.swf
2003.03.07 15:24 B C:\Documents and Settings\usuario1\Mis documentos\bilbaoNObaila\flash\especial.swf --> ftp.arcocomunicaciones.com /arcocomunicaciones.com/wwwserver/bnb/flash especial.swf
2003.03.07 15:25 B C:\Documents and Settings\usuario1\Mis documentos\bilbaoNObaila\flash\especial2.swf --> ftp.arcocomunicaciones.com /arcocomunicaciones.com/wwwserver/bnb/flash especial2.swf
2003.03.07 15:28 B C:\Documents and Settings\usuario1\Mis documentos\bilbaoNObaila\flash\especial3.swf --> ftp.arcocomunicaciones.com /arcocomunicaciones.com/wwwserver/bnb/flash especial3.swf
2003.03.07 15:31 B C:\Documents and Settings\usuario1\Mis documentos\bilbaoNObaila\flash\especial4.swf --> ftp.arcocomunicaciones.com /arcocomunicaciones.com/wwwserver/bnb/flash especial4.swf
2003.03.07 15:33 B C:\Documents and Settings\usuario1\Mis documentos\bilbaoNObaila\flash\especial.swf --> ftp.arcocomunicaciones.com /arcocomunicaciones.com/wwwserver/bnb especial.swf
2003.03.07 15:35 B C:\Documents and Settings\usuario1\Mis documentos\bilbaoNObaila\flash\especial.swf --> ftp.arcocomunicaciones.com /arcocomunicaciones.com/wwwserver/bnb/flash especial.swf
2003.03.07 16:07 B C:\Documents and Settings\usuario1\Mis documentos\bilbaoNObaila\flash\bienvenido.swf --> ftp.arcocomunicaciones.com /arcocomunicaciones.com/wwwserver/bnb/flash bienvenido.swf
2003.03.07 16:14 B C:\Documents and Settings\usuario1\Mis documentos\bilbaoNObaila\flash\bienvenido2.swf --> ftp.arcocomunicaciones.com /arcocomunicaciones.com/wwwserver/bnb/flash bienvenido2.swf
2003.03.07 16:25 B C:\Documents and Settings\usuario1\Mis documentos\bilbaoNObaila\flash\bienvenido.swf --> ftp.arcocomunicaciones.com /arcocomunicaciones.com/wwwserver/bnb/flash bienvenido.swf
2003.03.09 00:49 B C:\Documents and Settings\usuario1\Mis documentos\bilbaoNObaila\flash\persianaenobras.swf <-- Arco Comunicaciones /arcocomunicaciones.com/wwwserver/tara/flash persianaenobras.swf
2003.03.09 12:04 B C:\Documents and Settings\usuario1\Mis documentos\bilbaoNObaila\flash\acierto.swf --> ftp.arcocomunicaciones.com /arcocomunicaciones.com/wwwserver/bnb/flash acierto.swf
2003.03.09 12:04 B C:\Documents and Settings\usuario1\Mis documentos\bilbaoNObaila\flash\actividades.swf --> ftp.arcocomunicaciones.com /arcocomunicaciones.com/wwwserver/bnb/flash actividades.swf
2003.03.09 12:04 B C:\Documents and Settings\usuario1\Mis documentos\bilbaoNObaila\flash\aprender.swf --> ftp.arcocomunicaciones.com /arcocomunicaciones.com/wwwserver/bnb/flash aprender.swf
2003.03.09 12:04 B C:\Documents and Settings\usuario1\Mis documentos\bilbaoNObaila\flash\bailar.swf --> ftp.arcocomunicaciones.com /arcocomunicaciones.com/wwwserver/bnb/flash bailar.swf
2003.03.09 12:04 B C:\Documents and Settings\usuario1\Mis documentos\bilbaoNObaila\flash\bienvenido.swf --> ftp.arcocomunicaciones.com /arcocomunicaciones.com/wwwserver/bnb/flash bienvenido.swf
2003.03.09 12:05 B C:\Documents and Settings\usuario1\Mis documentos\bilbaoNObaila\flash\especial.swf --> ftp.arcocomunicaciones.com /arcocomunicaciones.com/wwwserver/bnb/flash especial.swf
2003.03.09 12:05 B C:\Documents and Settings\usuario1\Mis documentos\bilbaoNObaila\flash\persianaenobras.swf --> ftp.arcocomunicaciones.com /arcocomunicaciones.com/wwwserver/bnb/flash persianaenobras.swf
2003.03.09 13:53 B C:\Documents and Settings\usuario1\Mis documentos\bilbaoNObaila\flash\acierto.swf --> ftp.arcocomunicaciones.com /arcocomunicaciones.com/wwwserver/bnb/flash acierto.swf
2003.03.09 13:54 B C:\Documents and Settings\usuario1\Mis documentos\bilbaoNObaila\flash\actividades.swf --> ftp.arcocomunicaciones.com /arcocomunicaciones.com/wwwserver/bnb/flash actividades.swf
2003.03.09 13:54 B C:\Documents and Settings\usuario1\Mis documentos\bilbaoNObaila\flash\aprender.swf --> ftp.arcocomunicaciones.com /arcocomunicaciones.com/wwwserver/bnb/flash aprender.swf
2003.03.09 13:54 B C:\Documents and Settings\usuario1\Mis documentos\bilbaoNObaila\flash\bailar.swf --> ftp.arcocomunicaciones.com /arcocomunicaciones.com/wwwserver/bnb/flash bailar.swf
2003.03.09 13:54 B C:\Documents and Settings\usuario1\Mis documentos\bilbaoNObaila\flash\bienvenido.swf --> ftp.arcocomunicaciones.com /arcocomunicaciones.com/wwwserver/bnb/flash bienvenido.swf
2003.03.09 13:55 B C:\Documents and Settings\usuario1\Mis documentos\bilbaoNObaila\flash\especial.swf --> ftp.arcocomunicaciones.com /arcocomunicaciones.com/wwwserver/bnb/flash especial.swf
2003.03.09 13:55 B C:\Documents and Settings\usuario1\Mis documentos\bilbaoNObaila\flash\persianaenobras.swf --> ftp.arcocomunicaciones.com /arcocomunicaciones.com/wwwserver/bnb/flash persianaenobras.swf
2003.03.09 13:59 B C:\Documents and Settings\usuario1\Mis documentos\bilbaoNObaila\flash\WS_FTP.LOG --> ftp.arcocomunicaciones.com /bilbaonobaila.net/wwwserver/flash WS_FTP.LOG
2003.03.09 14:00 B C:\Documents and Settings\usuario1\Mis documentos\bilbaoNObaila\flash\bienvenido.swf --> ftp.arcocomunicaciones.com /bilbaonobaila.net/wwwserver/flash bienvenido.swf
2003.03.09 14:00 B C:\Documents and Settings\usuario1\Mis documentos\bilbaoNObaila\flash\acierto.swf --> ftp.arcocomunicaciones.com /bilbaonobaila.net/wwwserver/flash acierto.swf
2003.03.09 14:00 B C:\Documents and Settings\usuario1\Mis documentos\bilbaoNObaila\flash\aprender.swf --> ftp.arcocomunicaciones.com /bilbaonobaila.net/wwwserver/flash aprender.swf
2003.03.09 14:00 B C:\Documents and Settings\usuario1\Mis documentos\bilbaoNObaila\flash\actividades.swf --> ftp.arcocomunicaciones.com /bilbaonobaila.net/wwwserver/flash actividades.swf
2003.03.09 14:00 B C:\Documents and Settings\usuario1\Mis documentos\bilbaoNObaila\flash\bailar.swf --> ftp.arcocomunicaciones.com /bilbaonobaila.net/wwwserver/flash bailar.swf
2003.03.09 14:01 B C:\Documents and Settings\usuario1\Mis documentos\bilbaoNObaila\flash\especial.swf --> ftp.arcocomunicaciones.com /bilbaonobaila.net/wwwserver/flash especial.swf
2003.03.09 14:01 B C:\Documents and Settings\usuario1\Mis documentos\bilbaoNObaila\flash\persianaenobras.swf --> ftp.arcocomunicaciones.com /bilbaonobaila.net/wwwserver/flash persianaenobras.swf
2003.03.10 05:37 B C:\Documents and Settings\usuario1\Mis documentos\bilbaoNObaila\flash\cargandoActividades.swf <-- Arco Comunicaciones /arcocomunicaciones.com/wwwserver/tara/flash cargandoActividades.swf
2003.03.10 05:37 B C:\Documents and Settings\usuario1\Mis documentos\bilbaoNObaila\flash\cargandobugs.swf <-- Arco Comunicaciones /arcocomunicaciones.com/wwwserver/tara/flash cargandobugs.swf
2003.03.10 05:37 B C:\Documents and Settings\usuario1\Mis documentos\bilbaoNObaila\flash\cargandogeneral.swf <-- Arco Comunicaciones /arcocomunicaciones.com/wwwserver/tara/flash cargandogeneral.swf
2003.03.10 06:34 B C:\Documents and Settings\usuario1\Mis documentos\bilbaoNObaila\flash\especial.swf --> ftp.arcocomunicaciones.com /bilbaonobaila.net/wwwserver/flash especial.swf
2003.03.10 06:35 B C:\Documents and Settings\usuario1\Mis documentos\bilbaoNObaila\flash\persianaenobras.swf --> ftp.arcocomunicaciones.com /bilbaonobaila.net/wwwserver/flash persianaenobras.swf
2003.03.10 06:35 B C:\Documents and Settings\usuario1\Mis documentos\bilbaoNObaila\flash\cargandobugs.swf --> ftp.arcocomunicaciones.com /bilbaonobaila.net/wwwserver/flash cargandobugs.swf
2003.03.10 06:35 B C:\Documents and Settings\usuario1\Mis documentos\bilbaoNObaila\flash\cargandogeneral.swf --> ftp.arcocomunicaciones.com /bilbaonobaila.net/wwwserver/flash cargandogeneral.swf
2003.03.10 06:35 B C:\Documents and Settings\usuario1\Mis documentos\bilbaoNObaila\flash\bienvenido.swf --> ftp.arcocomunicaciones.com /bilbaonobaila.net/wwwserver/flash bienvenido.swf
2003.03.10 06:35 B C:\Documents and Settings\usuario1\Mis documentos\bilbaoNObaila\flash\actividades.swf --> ftp.arcocomunicaciones.com /bilbaonobaila.net/wwwserver/flash actividades.swf
2003.03.10 06:35 B C:\Documents and Settings\usuario1\Mis documentos\bilbaoNObaila\flash\acierto.swf --> ftp.arcocomunicaciones.com /bilbaonobaila.net/wwwserver/flash acierto.swf
2003.03.10 06:35 B C:\Documents and Settings\usuario1\Mis documentos\bilbaoNObaila\flash\aprender.swf --> ftp.arcocomunicaciones.com /bilbaonobaila.net/wwwserver/flash aprender.swf
2003.03.10 06:35 B C:\Documents and Settings\usuario1\Mis documentos\bilbaoNObaila\flash\bailar.swf --> ftp.arcocomunicaciones.com /bilbaonobaila.net/wwwserver/flash bailar.swf
2003.03.10 06:35 B C:\Documents and Settings\usuario1\Mis documentos\bilbaoNObaila\flash\cargandoActividades.swf --> ftp.arcocomunicaciones.com /bilbaonobaila.net/wwwserver/flash cargandoActividades.swf
2003.03.10 06:46 B C:\Documents and Settings\usuario1\Mis documentos\bilbaoNObaila\flash\bienvenido.swf --> ftp.arcocomunicaciones.com /bilbaonobaila.net/wwwserver/flash bienvenido.swf
2003.03.10 06:47 B C:\Documents and Settings\usuario1\Mis documentos\bilbaoNObaila\flash\bienvenido.swf --> ftp.arcocomunicaciones.com /bilbaonobaila.net/wwwserver/flash bienvenido.swf
2003.03.10 06:50 B C:\Documents and Settings\usuario1\Mis documentos\bilbaoNObaila\flash\bienvenido2.swf --> ftp.arcocomunicaciones.com /bilbaonobaila.net/wwwserver/flash bienvenido2.swf
2003.03.10 06:55 B C:\Documents and Settings\usuario1\Mis documentos\bilbaoNObaila\flash\bienvenido.swf --> ftp.arcocomunicaciones.com /bilbaonobaila.net/wwwserver/flash bienvenido.swf
2003.03.10 07:22 B C:\Documents and Settings\usuario1\Mis documentos\bilbaoNObaila\flash\bienvenido.swf --> ftp.arcocomunicaciones.com /bilbaonobaila.net/wwwserver/flash bienvenido.swf
2003.03.10 07:27 B C:\Documents and Settings\usuario1\Mis documentos\bilbaoNObaila\flash\bienvenido.swf --> ftp.arcocomunicaciones.com /bilbaonobaila.net/wwwserver/flash bienvenido.swf
2003.03.10 07:29 B C:\Documents and Settings\usuario1\Mis documentos\bilbaoNObaila\flash\bienvenido.swf --> ftp.arcocomunicaciones.com /bilbaonobaila.net/wwwserver/flash bienvenido.swf
2003.03.10 07:36 B C:\Documents and Settings\usuario1\Mis documentos\bilbaoNObaila\flash\bienvenido.swf --> ftp.arcocomunicaciones.com /bilbaonobaila.net/wwwserver/flash bienvenido.swf
2003.03.10 07:38 B C:\Documents and Settings\usuario1\Mis documentos\bilbaoNObaila\flash\bienvenido.swf --> ftp.arcocomunicaciones.com /bilbaonobaila.net/wwwserver/flash bienvenido.swf
2003.03.10 07:39 B C:\Documents and Settings\usuario1\Mis documentos\bilbaoNObaila\flash\bienvenido.swf --> ftp.arcocomunicaciones.com /bilbaonobaila.net/wwwserver/flash bienvenido.swf
2003.03.10 07:43 B C:\Documents and Settings\usuario1\Mis documentos\bilbaoNObaila\flash\bienvenido.swf --> ftp.arcocomunicaciones.com /bilbaonobaila.net/wwwserver/flash bienvenido.swf
2003.03.10 07:53 B C:\Documents and Settings\usuario1\Mis documentos\bilbaoNObaila\flash\bienvenido.swf --> ftp.arcocomunicaciones.com /bilbaonobaila.net/wwwserver/flash bienvenido.swf
2003.03.10 07:59 B C:\Documents and Settings\usuario1\Mis documentos\bilbaoNObaila\flash\bienvenido.swf --> ftp.arcocomunicaciones.com /bilbaonobaila.net/wwwserver/flash bienvenido.swf
2003.03.10 08:03 B C:\Documents and Settings\usuario1\Mis documentos\bilbaoNObaila\flash\bienvenido.swf --> ftp.arcocomunicaciones.com /bilbaonobaila.net/wwwserver/flash bienvenido.swf
2003.03.10 08:04 B C:\Documents and Settings\usuario1\Mis documentos\bilbaoNObaila\flash\bienvenido.swf --> ftp.arcocomunicaciones.com /bilbaonobaila.net/wwwserver/flash bienvenido.swf
2003.03.10 08:10 B C:\Documents and Settings\usuario1\Mis documentos\bilbaoNObaila\flash\bienvenido.swf --> ftp.arcocomunicaciones.com /bilbaonobaila.net/wwwserver/flash bienvenido.swf
2003.03.10 08:27 B C:\Documents and Settings\usuario1\Mis documentos\bilbaoNObaila\flash\acierto.swf --> ftp.arcocomunicaciones.com /bilbaonobaila.net/wwwserver/flash acierto.swf
2003.03.10 08:30 B C:\Documents and Settings\usuario1\Mis documentos\bilbaoNObaila\flash\acierto.swf --> ftp.arcocomunicaciones.com /bilbaonobaila.net/wwwserver/flash acierto.swf
2003.03.10 08:30 B C:\Documents and Settings\usuario1\Mis documentos\bilbaoNObaila\flash\acierto.swf --> ftp.arcocomunicaciones.com /bilbaonobaila.net/wwwserver/flash acierto.swf
2003.03.10 09:48 B C:\Documents and Settings\usuario1\Mis documentos\bilbaoNObaila\flash\especial.swf --> ftp.arcocomunicaciones.com /bilbaonobaila.net/wwwserver/flash especial.swf
2003.03.10 09:49 B C:\Documents and Settings\usuario1\Mis documentos\bilbaoNObaila\flash\actividades.swf --> ftp.arcocomunicaciones.com /bilbaonobaila.net/wwwserver/flash actividades.swf
2003.03.10 09:49 B C:\Documents and Settings\usuario1\Mis documentos\bilbaoNObaila\flash\bienvenido.swf --> ftp.arcocomunicaciones.com /bilbaonobaila.net/wwwserver/flash bienvenido.swf
2003.03.10 09:49 B C:\Documents and Settings\usuario1\Mis documentos\bilbaoNObaila\flash\acierto.swf --> ftp.arcocomunicaciones.com /bilbaonobaila.net/wwwserver/flash acierto.swf
2003.03.10 09:53 B C:\Documents and Settings\usuario1\Mis documentos\bilbaoNObaila\flash\aprender.swf --> ftp.arcocomunicaciones.com /bilbaonobaila.net/wwwserver/flash aprender.swf
2003.03.10 09:55 B C:\Documents and Settings\usuario1\Mis documentos\bilbaoNObaila\flash\bailar.swf --> ftp.arcocomunicaciones.com /bilbaonobaila.net/wwwserver/flash bailar.swf
2003.03.10 09:55 B C:\Documents and Settings\usuario1\Mis documentos\bilbaoNObaila\flash\aprender.swf --> ftp.arcocomunicaciones.com /bilbaonobaila.net/wwwserver/flash aprender.swf
2003.03.10 09:57 B C:\Documents and Settings\usuario1\Mis documentos\bilbaoNObaila\flash\aprender.swf --> ftp.arcocomunicaciones.com /bilbaonobaila.net/wwwserver/flash aprender.swf
2003.03.10 10:01 B C:\Documents and Settings\usuario1\Mis documentos\bilbaoNObaila\flash\bienvenido.swf --> ftp.arcocomunicaciones.com /bilbaonobaila.net/wwwserver/flash bienvenido.swf
2003.03.10 11:16 B C:\Documents and Settings\usuario1\Mis documentos\bilbaoNObaila\flash\especial.swf --> ftp.arcocomunicaciones.com /bilbaonobaila.net/wwwserver/flash especial.swf
2003.03.10 11:20 B C:\Documents and Settings\usuario1\Mis documentos\bilbaoNObaila\flash\persianaenobras.swf --> ftp.arcocomunicaciones.com /bilbaonobaila.net/wwwserver/flash persianaenobras.swf
2003.03.10 12:34 B C:\Documents and Settings\usuario1\Mis documentos\bilbaoNObaila\flash\actividades.swf --> ftp.arcocomunicaciones.com /bilbaonobaila.net/wwwserver/flash actividades.swf
2003.03.10 14:09 B C:\Documents and Settings\usuario1\Mis documentos\bilbaoNObaila\flash\actividades.swf --> ftp.arcocomunicaciones.com /bilbaonobaila.net/wwwserver/flash actividades.swf
2003.03.10 17:41 B C:\Documents and Settings\usuario1\Mis documentos\bilbaoNObaila\flash\aprender.swf --> ftp.arcocomunicaciones.com /bilbaonobaila.net/wwwserver/flash aprender.swf
2003.03.10 17:45 B C:\Documents and Settings\usuario1\Mis documentos\bilbaoNObaila\flash\aprender.swf --> ftp.arcocomunicaciones.com /bilbaonobaila.net/wwwserver/flash aprender.swf
2003.03.10 17:49 B C:\Documents and Settings\usuario1\Mis documentos\bilbaoNObaila\flash\aprender.swf --> ftp.arcocomunicaciones.com /bilbaonobaila.net/wwwserver/flash aprender.swf
2003.03.10 18:02 B C:\Documents and Settings\usuario1\Mis documentos\bilbaoNObaila\flash\actividades.swf --> ftp.arcocomunicaciones.com /bilbaonobaila.net/wwwserver/flash actividades.swf
2003.05.09 20:18 B C:\Documents and Settings\usuario1\Mis documentos\bilbaoNObaila\flash\bailar.swf --> ftp.arcocomunicaciones.com /arcocomunicaciones.com/wwwserver/blocdeapuntes/bilbaonobaila/flash bailar.swf
2003.05.26 08:13 B C:\Documents and Settings\usuario1\Mis documentos\bilbaoNObaila\flash\aprender.swf --> ftp.arcocomunicaciones.com /bilbaonobaila.net/wwwserver/flash aprender.swf
2003.05.26 08:14 B C:\Documents and Settings\usuario1\Mis documentos\bilbaoNObaila\flash\actividades.swf --> ftp.arcocomunicaciones.com /bilbaonobaila.net/wwwserver/flash actividades.swf
2003.05.26 08:14 B C:\Documents and Settings\usuario1\Mis documentos\bilbaoNObaila\flash\bienvenido.swf --> ftp.arcocomunicaciones.com /bilbaonobaila.net/wwwserver/flash bienvenido.swf
2003.10.14 15:54 B C:\Documents and Settings\usuario1\Mis documentos\bilbaoNObaila\flash\bienvenido.swf --> ftp.arcocomunicaciones.com /bilbaonobaila.net/wwwserver/flash bienvenido.swf
2003.10.14 15:54 B C:\Documents and Settings\usuario1\Mis documentos\bilbaoNObaila\flash\aprender.swf --> ftp.arcocomunicaciones.com /bilbaonobaila.net/wwwserver/flash aprender.swf
2003.10.14 15:55 B C:\Documents and Settings\usuario1\Mis documentos\bilbaoNObaila\flash\actividades.swf --> ftp.arcocomunicaciones.com /bilbaonobaila.net/wwwserver/flash actividades.swf
2003.10.14 15:55 B C:\Documents and Settings\usuario1\Mis documentos\bilbaoNObaila\flash\especial.swf --> ftp.arcocomunicaciones.com /bilbaonobaila.net/wwwserver/flash especial.swf
2003.10.14 15:55 B C:\Documents and Settings\usuario1\Mis documentos\bilbaoNObaila\flash\bailar.swf --> ftp.arcocomunicaciones.com /bilbaonobaila.net/wwwserver/flash bailar.swf
2003.10.15 09:24 B C:\Documents and Settings\usuario1\Mis documentos\bilbaoNObaila\flash\actividades.swf --> ftp.arcocomunicaciones.com /bilbaonobaila.net/wwwserver/flash actividades.swf
2003.10.28 08:46 B C:\Documents and Settings\usuario1\Mis documentos\bilbaoNObaila\flash\especial.swf --> ftp.arcocomunicaciones.com /bilbaonobaila.net/wwwserver/flash especial.swf
2003.10.28 08:46 B C:\Documents and Settings\usuario1\Mis documentos\bilbaoNObaila\flash\aprender.swf --> ftp.arcocomunicaciones.com /bilbaonobaila.net/wwwserver/flash aprender.swf
2003.10.28 08:47 B C:\Documents and Settings\usuario1\Mis documentos\bilbaoNObaila\flash\actividades.swf --> ftp.arcocomunicaciones.com /bilbaonobaila.net/wwwserver/flash actividades.swf
2003.10.28 08:47 B C:\Documents and Settings\usuario1\Mis documentos\bilbaoNObaila\flash\bienvenido.swf --> ftp.arcocomunicaciones.com /bilbaonobaila.net/wwwserver/flash bienvenido.swf
2003.10.28 08:47 B C:\Documents and Settings\usuario1\Mis documentos\bilbaoNObaila\flash\persianaenobras.swf --> ftp.arcocomunicaciones.com /bilbaonobaila.net/wwwserver/flash persianaenobras.swf
2003.10.28 20:42 B C:\Documents and Settings\usuario1\Mis documentos\bilbaoNObaila\flash\aprender.swf --> ftp.arcocomunicaciones.com /bilbaonobaila.net/wwwserver/flash aprender.swf
2003.10.28 20:42 B C:\Documents and Settings\usuario1\Mis documentos\bilbaoNObaila\flash\bienvenido.swf --> ftp.arcocomunicaciones.com /bilbaonobaila.net/wwwserver/flash bienvenido.swf
