2005.09.12 21:46 B C:\Documents and Settings\usuario1\Mis documentos\blocDeApuntes_CD\sitioWeb\images\tutorial_semaforo\movie.jpg --> www.blocdeapuntes.net /public_html/images/tutorial_semaforo movie.jpg
2005.09.12 21:46 B C:\Documents and Settings\usuario1\Mis documentos\blocDeApuntes_CD\sitioWeb\images\tutorial_semaforo\interpolaciones_de_movimien.jpg --> www.blocdeapuntes.net /public_html/images/tutorial_semaforo interpolaciones_de_movimien.jpg
2005.09.12 21:46 B C:\Documents and Settings\usuario1\Mis documentos\blocDeApuntes_CD\sitioWeb\images\tutorial_semaforo\cerrar_huecos_grandes.jpg --> www.blocdeapuntes.net /public_html/images/tutorial_semaforo cerrar_huecos_grandes.jpg
2005.09.12 21:46 B C:\Documents and Settings\usuario1\Mis documentos\blocDeApuntes_CD\sitioWeb\images\tutorial_semaforo\pantalla_mac.jpg --> www.blocdeapuntes.net /public_html/images/tutorial_semaforo pantalla_mac.jpg
2005.09.12 21:46 B C:\Documents and Settings\usuario1\Mis documentos\blocDeApuntes_CD\sitioWeb\images\tutorial_semaforo\tableta_grafica.jpg --> www.blocdeapuntes.net /public_html/images/tutorial_semaforo tableta_grafica.jpg
2005.09.12 21:46 B C:\Documents and Settings\usuario1\Mis documentos\blocDeApuntes_CD\sitioWeb\images\tutorial_semaforo\titulo_tutorial.jpg --> www.blocdeapuntes.net /public_html/images/tutorial_semaforo titulo_tutorial.jpg
2005.09.12 21:46 B C:\Documents and Settings\usuario1\Mis documentos\blocDeApuntes_CD\sitioWeb\images\tutorial_semaforo\boton_intercambiar.jpg --> www.blocdeapuntes.net /public_html/images/tutorial_semaforo boton_intercambiar.jpg
2005.09.12 21:46 B C:\Documents and Settings\usuario1\Mis documentos\blocDeApuntes_CD\sitioWeb\images\tutorial_semaforo\chica_posicion1.jpg --> www.blocdeapuntes.net /public_html/images/tutorial_semaforo chica_posicion1.jpg
2005.09.12 21:46 B C:\Documents and Settings\usuario1\Mis documentos\blocDeApuntes_CD\sitioWeb\images\tutorial_semaforo\se_rellena_con_el_cubo_de_p.jpg --> www.blocdeapuntes.net /public_html/images/tutorial_semaforo se_rellena_con_el_cubo_de_p.jpg
2005.09.12 21:46 B C:\Documents and Settings\usuario1\Mis documentos\blocDeApuntes_CD\sitioWeb\images\tutorial_semaforo\division_por_capas.jpg --> www.blocdeapuntes.net /public_html/images/tutorial_semaforo division_por_capas.jpg
2005.09.12 21:46 B C:\Documents and Settings\usuario1\Mis documentos\blocDeApuntes_CD\sitioWeb\images\tutorial_semaforo\25k.jpg --> www.blocdeapuntes.net /public_html/images/tutorial_semaforo 25k.jpg
2005.09.28 11:30 B C:\Documents and Settings\usuario1\Mis documentos\blocDeApuntes_CD\sitioWeb\images\tutorial_semaforo\ejemplo.jpg --> www.blocdeapuntes.net /public_html/images/tutorial_semaforo ejemplo.jpg
2005.10.05 15:33 B C:\Documents and Settings\usuario1\Mis documentos\blocDeApuntes_CD\sitioWeb\images\tutorial_semaforo\dos_clips.jpg --> www.blocdeapuntes.net /public_html/images/tutorial_semaforo dos_clips.jpg
2005.10.12 17:08 B C:\Documents and Settings\usuario1\Mis documentos\blocDeApuntes_CD\sitioWeb\images\tutorial_semaforo\cambiar_visibiladad.jpg --> www.blocdeapuntes.net /public_html/images/tutorial_semaforo cambiar_visibiladad.jpg
2005.10.17 15:01 B C:\Documents and Settings\usuario1\Mis documentos\blocDeApuntes_CD\sitioWeb\images\tutorial_semaforo\60k.jpg --> www.blocdeapuntes.net /public_html/images/tutorial_semaforo 60k.jpg
2005.11.13 15:26 B C:\Documents and Settings\usuario1\Mis documentos\blocDeApuntes_CD\sitioWeb\images\tutorial_semaforo\60k.jpg --> www.blocdeapuntes.net /public_html/images/tutorial_semaforo 60k.jpg
2006.02.05 13:56 B C:\Documents and Settings\usuario1\Mis documentos\blocDeApuntes_CD\sitioWeb\images\tutorial_semaforo\60k_domestika.jpg --> www.blocdeapuntes.net /public_html/images/tutorial_semaforo 60k_domestika.jpg
2006.03.19 02:43 B C:\Documents and Settings\usuario1\Mis documentos\blocDeApuntes_CD\sitioWeb\images\tutorial_semaforo\como_esta_hecho.jpg --> www.blocdeapuntes.net /public_html/images/tutorial_semaforo como_esta_hecho.jpg
2006.03.19 03:03 B C:\Documents and Settings\usuario1\Mis documentos\blocDeApuntes_CD\sitioWeb\images\tutorial_semaforo\como_esta_hecho.jpg --> www.blocdeapuntes.net / como_esta_hecho.jpg
2006.03.19 03:04 B C:\Documents and Settings\usuario1\Mis documentos\blocDeApuntes_CD\sitioWeb\images\tutorial_semaforo\como_esta_hecho.jpg --> www.blocdeapuntes.net /public_html/images como_esta_hecho.jpg
2006.03.19 03:07 B C:\Documents and Settings\usuario1\Mis documentos\blocDeApuntes_CD\sitioWeb\images\tutorial_semaforo\como_esta_hecho.jpg --> www.blocdeapuntes.net /public_html/images/tutorial_semaforo como_esta_hecho.jpg
2006.03.19 03:12 B C:\Documents and Settings\usuario1\Mis documentos\blocDeApuntes_CD\sitioWeb\images\tutorial_semaforo\como_esta_hecho.jpg --> www.blocdeapuntes.net /public_html/images/tutorial_semaforo como_esta_hecho.jpg
2006.03.19 03:14 B C:\Documents and Settings\usuario1\Mis documentos\blocDeApuntes_CD\sitioWeb\images\tutorial_semaforo\como_esta_hecho.jpg --> www.blocdeapuntes.net /public_html/images/tutorial_semaforo como_esta_hecho.jpg
2006.03.19 03:21 B C:\Documents and Settings\usuario1\Mis documentos\blocDeApuntes_CD\sitioWeb\images\tutorial_semaforo\como_esta_hecho.jpg --> www.blocdeapuntes.net /public_html/images/tutorial_semaforo como_esta_hecho.jpg
2007.02.23 08:14 B C:\Documents and Settings\usuario1\Mis documentos\blocDeApuntes_CD\sitioWeb\images\tutorial_semaforo\division_por_capas.jpg <-- Bloc de apuntes /public_html/images/tutorial_semaforo division_por_capas.jpg
