2005.09.12 21:38 B C:\Documents and Settings\usuario1\Mis documentos\blocDeApuntes_CD\sitioWeb\flash\Flash_tutoriales\semaforo\semaforo_ver.swf --> www.blocdeapuntes.net /public_html/flash/Flash_tutoriales/semaforo semaforo_ver.swf
2005.09.12 21:38 B C:\Documents and Settings\usuario1\Mis documentos\blocDeApuntes_CD\sitioWeb\flash\Flash_tutoriales\semaforo\perro.swf --> www.blocdeapuntes.net /public_html/flash/Flash_tutoriales/semaforo perro.swf
2005.09.12 21:38 B C:\Documents and Settings\usuario1\Mis documentos\blocDeApuntes_CD\sitioWeb\flash\Flash_tutoriales\semaforo\avanzar.swf --> www.blocdeapuntes.net /public_html/flash/Flash_tutoriales/semaforo avanzar.swf
2005.09.12 21:38 B C:\Documents and Settings\usuario1\Mis documentos\blocDeApuntes_CD\sitioWeb\flash\Flash_tutoriales\semaforo\retroceder.swf --> www.blocdeapuntes.net /public_html/flash/Flash_tutoriales/semaforo retroceder.swf
2005.09.12 21:38 B C:\Documents and Settings\usuario1\Mis documentos\blocDeApuntes_CD\sitioWeb\flash\Flash_tutoriales\semaforo\modificado_el_pelo.swf --> www.blocdeapuntes.net /public_html/flash/Flash_tutoriales/semaforo modificado_el_pelo.swf
2005.09.12 21:38 B C:\Documents and Settings\usuario1\Mis documentos\blocDeApuntes_CD\sitioWeb\flash\Flash_tutoriales\semaforo\cabeza_deFrente_perfil.swf --> www.blocdeapuntes.net /public_html/flash/Flash_tutoriales/semaforo cabeza_deFrente_perfil.swf
2005.09.14 16:41 B C:\Documents and Settings\usuario1\Mis documentos\blocDeApuntes_CD\sitioWeb\flash\Flash_tutoriales\semaforo\semaforo_ver2.swf --> www.blocdeapuntes.net /public_html/flash/Flash_tutoriales/semaforo semaforo_ver2.swf
2005.09.14 16:41 B C:\Documents and Settings\usuario1\Mis documentos\blocDeApuntes_CD\sitioWeb\flash\Flash_tutoriales\semaforo\semaforo_ver.swf --> www.blocdeapuntes.net /public_html/flash/Flash_tutoriales/semaforo semaforo_ver.swf
2005.09.16 16:12 B C:\Documents and Settings\usuario1\Mis documentos\blocDeApuntes_CD\sitioWeb\flash\Flash_tutoriales\semaforo\semaforo_ver2.swf --> www.blocdeapuntes.net /public_html/flash/Flash_tutoriales/semaforo semaforo_ver2.swf
2005.09.16 16:12 B C:\Documents and Settings\usuario1\Mis documentos\blocDeApuntes_CD\sitioWeb\flash\Flash_tutoriales\semaforo\semaforo_ver.swf --> www.blocdeapuntes.net /public_html/flash/Flash_tutoriales/semaforo semaforo_ver.swf
2005.09.28 11:31 B C:\Documents and Settings\usuario1\Mis documentos\blocDeApuntes_CD\sitioWeb\flash\Flash_tutoriales\semaforo\ejemplo.swf --> www.blocdeapuntes.net /public_html/flash/Flash_tutoriales/semaforo ejemplo.swf
2005.09.28 12:09 B C:\Documents and Settings\usuario1\Mis documentos\blocDeApuntes_CD\sitioWeb\flash\Flash_tutoriales\semaforo\semaforo_ver.swf --> www.blocdeapuntes.net /public_html/flash/Flash_tutoriales/semaforo semaforo_ver.swf
2005.09.28 13:02 B C:\Documents and Settings\usuario1\Mis documentos\blocDeApuntes_CD\sitioWeb\flash\Flash_tutoriales\semaforo\semaforo_ver.swf --> www.blocdeapuntes.net /public_html/flash/Flash_tutoriales/semaforo semaforo_ver.swf
2005.09.28 13:05 B C:\Documents and Settings\usuario1\Mis documentos\blocDeApuntes_CD\sitioWeb\flash\Flash_tutoriales\semaforo\semaforo_ver.swf --> www.blocdeapuntes.net /public_html/flash/Flash_tutoriales/semaforo semaforo_ver.swf
2005.09.28 13:09 B C:\Documents and Settings\usuario1\Mis documentos\blocDeApuntes_CD\sitioWeb\flash\Flash_tutoriales\semaforo\semaforo_ver.swf --> www.blocdeapuntes.net /public_html/flash/Flash_tutoriales/semaforo semaforo_ver.swf
2005.09.28 13:28 B C:\Documents and Settings\usuario1\Mis documentos\blocDeApuntes_CD\sitioWeb\flash\Flash_tutoriales\semaforo\semaforo_ver.swf --> www.blocdeapuntes.net /public_html/flash/Flash_tutoriales/semaforo semaforo_ver.swf
2005.10.05 15:34 B C:\Documents and Settings\usuario1\Mis documentos\blocDeApuntes_CD\sitioWeb\flash\Flash_tutoriales\semaforo\perro.swf --> www.blocdeapuntes.net /public_html/flash/Flash_tutoriales/semaforo perro.swf
2005.10.12 17:10 B C:\Documents and Settings\usuario1\Mis documentos\blocDeApuntes_CD\sitioWeb\flash\Flash_tutoriales\semaforo\ejemplo.swf --> www.blocdeapuntes.net /public_html/flash/Flash_tutoriales/semaforo ejemplo.swf
2005.10.12 17:10 B C:\Documents and Settings\usuario1\Mis documentos\blocDeApuntes_CD\sitioWeb\flash\Flash_tutoriales\semaforo\perro.swf --> www.blocdeapuntes.net /public_html/flash/Flash_tutoriales/semaforo perro.swf
2005.10.12 17:10 B C:\Documents and Settings\usuario1\Mis documentos\blocDeApuntes_CD\sitioWeb\flash\Flash_tutoriales\semaforo\semaforo_ver.swf --> www.blocdeapuntes.net /public_html/flash/Flash_tutoriales/semaforo semaforo_ver.swf
2005.10.14 11:56 B C:\Documents and Settings\usuario1\Mis documentos\blocDeApuntes_CD\sitioWeb\flash\Flash_tutoriales\semaforo\semaforo_ver.swf --> www.blocdeapuntes.net /public_html/flash/Flash_tutoriales/semaforo semaforo_ver.swf
2005.11.07 13:52 B C:\Documents and Settings\usuario1\Mis documentos\blocDeApuntes_CD\sitioWeb\flash\Flash_tutoriales\semaforo\semaforo_ver.swf --> www.blocdeapuntes.net /public_html/flash/Flash_tutoriales/semaforo semaforo_ver.swf
